Flow report for full_addr_unit
Sun Oct 08 13:44:54 2023
Quartus II 64-Bit Version 13.1.0 Build 162 10/23/2013 SJ Full Version


---------------------
; Table of Contents ;
---------------------
  1. Legal Notice
  2. Flow Summary
  3. Flow Settings
  4. Flow Non-Default Global Settings
  5. Flow Elapsed Time
  6. Flow OS Summary
  7. Flow Log
  8. Flow Messages
  9. Flow Suppressed Messages



----------------
; Legal Notice ;
----------------
Copyright (C) 1991-2013 Altera Corporation
Your use of Altera Corporation's design tools, logic functions 
and other software and tools, and its AMPP partner logic 
functions, and any output files from any of the foregoing 
(including device programming or simulation files), and any 
associated documentation or information are expressly subject 
to the terms and conditions of the Altera Program License 
Subscription Agreement, Altera MegaCore Function License 
Agreement, or other applicable license agreement, including, 
without limitation, that your use is for the sole purpose of 
programming logic devices manufactured by Altera and sold by 
Altera or its authorized distributors.  Please refer to the 
applicable agreement for further details.



+----------------------------------------------------------------------------------+
; Flow Summary                                                                     ;
+------------------------------------+---------------------------------------------+
; Flow Status                        ; Successful - Sun Oct 08 13:44:52 2023       ;
; Quartus II 64-Bit Version          ; 13.1.0 Build 162 10/23/2013 SJ Full Version ;
; Revision Name                      ; full_addr_unit                              ;
; Top-level Entity Name              ; full_addr_unit                              ;
; Family                             ; Cyclone IV GX                               ;
; Total logic elements               ; 2 / 14,400 ( < 1 % )                        ;
;     Total combinational functions  ; 2 / 14,400 ( < 1 % )                        ;
;     Dedicated logic registers      ; 0 / 14,400 ( 0 % )                          ;
; Total registers                    ; 0                                           ;
; Total pins                         ; 5 / 81 ( 6 % )                              ;
; Total virtual pins                 ; 0                                           ;
; Total memory bits                  ; 0 / 552,960 ( 0 % )                         ;
; Embedded Multiplier 9-bit elements ; 0                                           ;
; Total GXB Receiver Channel PCS     ; 0 / 2 ( 0 % )                               ;
; Total GXB Receiver Channel PMA     ; 0 / 2 ( 0 % )                               ;
; Total GXB Transmitter Channel PCS  ; 0 / 2 ( 0 % )                               ;
; Total GXB Transmitter Channel PMA  ; 0 / 2 ( 0 % )                               ;
; Total PLLs                         ; 0 / 3 ( 0 % )                               ;
; Device                             ; EP4CGX15BF14C6                              ;
; Timing Models                      ; Final                                       ;
+------------------------------------+---------------------------------------------+


+-----------------------------------------+
; Flow Settings                           ;
+-------------------+---------------------+
; Option            ; Setting             ;
+-------------------+---------------------+
; Start date & time ; 10/08/2023 13:44:44 ;
; Main task         ; Compilation         ;
; Revision Name     ; full_addr_unit      ;
+-------------------+---------------------+


+------------------------------------------------------------------------------------------------------------------+
; Flow Non-Default Global Settings                                                                                 ;
+-------------------------------------+---------------------------------+---------------+-------------+------------+
; Assignment Name                     ; Value                           ; Default Value ; Entity Name ; Section Id ;
+-------------------------------------+---------------------------------+---------------+-------------+------------+
; COMPILER_SIGNATURE_ID               ; 101405348463273.169674388414388 ; --            ; --          ; --         ;
; PARTITION_COLOR                     ; 16764057                        ; --            ; --          ; Top        ;
; PARTITION_FITTER_PRESERVATION_LEVEL ; PLACEMENT_AND_ROUTING           ; --            ; --          ; Top        ;
; PARTITION_NETLIST_TYPE              ; SOURCE                          ; --            ; --          ; Top        ;
; PROJECT_OUTPUT_DIRECTORY            ; output_files                    ; --            ; --          ; --         ;
+-------------------------------------+---------------------------------+---------------+-------------+------------+


+-------------------------------------------------------------------------------------------------------------------------------+
; Flow Elapsed Time                                                                                                             ;
+---------------------------+--------------+-------------------------+---------------------+------------------------------------+
; Module Name               ; Elapsed Time ; Average Processors Used ; Peak Virtual Memory ; Total CPU Time (on all processors) ;
+---------------------------+--------------+-------------------------+---------------------+------------------------------------+
; Analysis & Synthesis      ; 00:00:01     ; 1.0                     ; 4761 MB             ; 00:00:01                           ;
; Fitter                    ; 00:00:04     ; 1.0                     ; 5783 MB             ; 00:00:04                           ;
; Assembler                 ; 00:00:01     ; 1.0                     ; 4636 MB             ; 00:00:01                           ;
; TimeQuest Timing Analyzer ; 00:00:01     ; 1.0                     ; 4711 MB             ; 00:00:02                           ;
; Total                     ; 00:00:07     ; --                      ; --                  ; 00:00:08                           ;
+---------------------------+--------------+-------------------------+---------------------+------------------------------------+


+----------------------------------------------------------------------------------------+
; Flow OS Summary                                                                        ;
+---------------------------+------------------+-----------+------------+----------------+
; Module Name               ; Machine Hostname ; OS Name   ; OS Version ; Processor type ;
+---------------------------+------------------+-----------+------------+----------------+
; Analysis & Synthesis      ; LAPTOP-JUJ020HU  ; Windows 7 ; 6.2        ; x86_64         ;
; Fitter                    ; LAPTOP-JUJ020HU  ; Windows 7 ; 6.2        ; x86_64         ;
; Assembler                 ; LAPTOP-JUJ020HU  ; Windows 7 ; 6.2        ; x86_64         ;
; TimeQuest Timing Analyzer ; LAPTOP-JUJ020HU  ; Windows 7 ; 6.2        ; x86_64         ;
+---------------------------+------------------+-----------+------------+----------------+


------------
; Flow Log ;
------------
quartus_map --read_settings_files=on --write_settings_files=off full_addr_unit -c full_addr_unit
quartus_fit --read_settings_files=off --write_settings_files=off full_addr_unit -c full_addr_unit
quartus_asm --read_settings_files=off --write_settings_files=off full_addr_unit -c full_addr_unit
quartus_sta full_addr_unit -c full_addr_unit



