Flow report for Division
Mon Dec 04 21:02:07 2023
Quartus II Version 9.1 Build 222 10/21/2009 SJ Web Edition


---------------------
; Table of Contents ;
---------------------
  1. Legal Notice
  2. Flow Summary
  3. Flow Settings
  4. Flow Non-Default Global Settings
  5. Flow Elapsed Time
  6. Flow OS Summary
  7. Flow Log



----------------
; Legal Notice ;
----------------
Copyright (C) 1991-2009 Altera Corporation
Your use of Altera Corporation's design tools, logic functions 
and other software and tools, and its AMPP partner logic 
functions, and any output files from any of the foregoing 
(including device programming or simulation files), and any 
associated documentation or information are expressly subject 
to the terms and conditions of the Altera Program License 
Subscription Agreement, Altera MegaCore Function License 
Agreement, or other applicable license agreement, including, 
without limitation, that your use is for the sole purpose of 
programming logic devices manufactured by Altera and sold by 
Altera or its authorized distributors.  Please refer to the 
applicable agreement for further details.



+------------------------------------------------------------------------------+
; Flow Summary                                                                 ;
+------------------------------------+-----------------------------------------+
; Flow Status                        ; Successful - Mon Dec 04 21:02:07 2023   ;
; Quartus II Version                 ; 9.1 Build 222 10/21/2009 SJ Web Edition ;
; Revision Name                      ; Division                                ;
; Top-level Entity Name              ; Division                                ;
; Family                             ; Cyclone II                              ;
; Device                             ; EP2C70F896C6                            ;
; Timing Models                      ; Final                                   ;
; Met timing requirements            ; Yes                                     ;
; Total logic elements               ; 10,233 / 68,416 ( 15 % )                ;
;     Total combinational functions  ; 10,232 / 68,416 ( 15 % )                ;
;     Dedicated logic registers      ; 72 / 68,416 ( < 1 % )                   ;
; Total registers                    ; 72                                      ;
; Total pins                         ; 5 / 622 ( < 1 % )                       ;
; Total virtual pins                 ; 0                                       ;
; Total memory bits                  ; 0 / 1,152,000 ( 0 % )                   ;
; Embedded Multiplier 9-bit elements ; 0 / 300 ( 0 % )                         ;
; Total PLLs                         ; 0 / 4 ( 0 % )                           ;
+------------------------------------+-----------------------------------------+


+-----------------------------------------+
; Flow Settings                           ;
+-------------------+---------------------+
; Option            ; Setting             ;
+-------------------+---------------------+
; Start date & time ; 12/04/2023 21:01:00 ;
; Main task         ; Compilation         ;
; Revision Name     ; Division            ;
+-------------------+---------------------+


+---------------------------------------------------------------------------------------------------------------------------+
; Flow Non-Default Global Settings                                                                                          ;
+------------------------------------+---------------------------------+---------------+-------------+----------------------+
; Assignment Name                    ; Value                           ; Default Value ; Entity Name ; Section Id           ;
+------------------------------------+---------------------------------+---------------+-------------+----------------------+
; COMPILER_SIGNATURE_ID              ; 101405348463273.170169485902416 ; --            ; --          ; --                   ;
; EDA_DESIGN_ENTRY_SYNTHESIS_TOOL    ; Design Compiler                 ; <None>        ; --          ; --                   ;
; EDA_INPUT_DATA_FORMAT              ; Edif                            ; --            ; --          ; eda_design_synthesis ;
; EDA_INPUT_VCC_NAME                 ; Vdd                             ; --            ; --          ; eda_design_synthesis ;
; EDA_LMF_FILE                       ; altsyn.lmf                      ; --            ; --          ; eda_design_synthesis ;
; EDA_OUTPUT_DATA_FORMAT             ; Vhdl                            ; --            ; --          ; eda_simulation       ;
; EDA_SIMULATION_TOOL                ; Active-HDL (VHDL)               ; <None>        ; --          ; --                   ;
; MAX_CORE_JUNCTION_TEMP             ; 85                              ; --            ; --          ; --                   ;
; MIN_CORE_JUNCTION_TEMP             ; 0                               ; --            ; --          ; --                   ;
; PARTITION_COLOR                    ; 16764057                        ; --            ; --          ; Top                  ;
; PARTITION_NETLIST_TYPE             ; SOURCE                          ; --            ; --          ; Top                  ;
; USE_GENERATED_PHYSICAL_CONSTRAINTS ; Off                             ; --            ; --          ; eda_blast_fpga       ;
+------------------------------------+---------------------------------+---------------+-------------+----------------------+


+-----------------------------------------------------------------------------------------------------------------------------+
; Flow Elapsed Time                                                                                                           ;
+-------------------------+--------------+-------------------------+---------------------+------------------------------------+
; Module Name             ; Elapsed Time ; Average Processors Used ; Peak Virtual Memory ; Total CPU Time (on all processors) ;
+-------------------------+--------------+-------------------------+---------------------+------------------------------------+
; Analysis & Synthesis    ; 00:00:19     ; 1.0                     ; 282 MB              ; 00:00:20                           ;
; Fitter                  ; 00:00:21     ; 1.0                     ; 408 MB              ; 00:00:23                           ;
; Assembler               ; 00:00:03     ; 1.0                     ; 359 MB              ; 00:00:03                           ;
; Classic Timing Analyzer ; 00:00:02     ; 1.0                     ; 228 MB              ; 00:00:02                           ;
; EDA Netlist Writer      ; 00:00:03     ; 1.0                     ; 247 MB              ; 00:00:03                           ;
; Total                   ; 00:00:48     ; --                      ; --                  ; 00:00:51                           ;
+-------------------------+--------------+-------------------------+---------------------+------------------------------------+


+------------------------------------------------------------------------------------------+
; Flow OS Summary                                                                          ;
+-------------------------+------------------+---------------+------------+----------------+
; Module Name             ; Machine Hostname ; OS Name       ; OS Version ; Processor type ;
+-------------------------+------------------+---------------+------------+----------------+
; Analysis & Synthesis    ; LAPTOP-JUJ020HU  ; Windows Vista ; 6.2        ; x86_64         ;
; Fitter                  ; LAPTOP-JUJ020HU  ; Windows Vista ; 6.2        ; x86_64         ;
; Assembler               ; LAPTOP-JUJ020HU  ; Windows Vista ; 6.2        ; x86_64         ;
; Classic Timing Analyzer ; LAPTOP-JUJ020HU  ; Windows Vista ; 6.2        ; x86_64         ;
; EDA Netlist Writer      ; LAPTOP-JUJ020HU  ; Windows Vista ; 6.2        ; x86_64         ;
+-------------------------+------------------+---------------+------------+----------------+


------------
; Flow Log ;
------------
quartus_map --read_settings_files=on --write_settings_files=off Division -c Division
quartus_fit --read_settings_files=off --write_settings_files=off Division -c Division
quartus_asm --read_settings_files=off --write_settings_files=off Division -c Division
quartus_tan --read_settings_files=off --write_settings_files=off Division -c Division --timing_analysis_only
quartus_eda --read_settings_files=off --write_settings_files=off Division -c Division



