Analysis & Synthesis report for Oscillator
Wed Nov 29 03:20:45 2023
Quartus II Version 9.1 Build 222 10/21/2009 SJ Web Edition


---------------------
; Table of Contents ;
---------------------
  1. Legal Notice
  2. Analysis & Synthesis Summary
  3. Analysis & Synthesis Settings
  4. Parallel Compilation
  5. Analysis & Synthesis Source Files Read
  6. Analysis & Synthesis Resource Usage Summary
  7. Analysis & Synthesis Resource Utilization by Entity
  8. User-Specified and Inferred Latches
  9. General Register Statistics
 10. Multiplexer Restructuring Statistics (Restructuring Performed)
 11. Parameter Settings for Inferred Entity Instance: lpm_divide:Mod0
 12. Parameter Settings for Inferred Entity Instance: lpm_divide:Mod1
 13. Analysis & Synthesis Messages



----------------
; Legal Notice ;
----------------
Copyright (C) 1991-2009 Altera Corporation
Your use of Altera Corporation's design tools, logic functions 
and other software and tools, and its AMPP partner logic 
functions, and any output files from any of the foregoing 
(including device programming or simulation files), and any 
associated documentation or information are expressly subject 
to the terms and conditions of the Altera Program License 
Subscription Agreement, Altera MegaCore Function License 
Agreement, or other applicable license agreement, including, 
without limitation, that your use is for the sole purpose of 
programming logic devices manufactured by Altera and sold by 
Altera or its authorized distributors.  Please refer to the 
applicable agreement for further details.



+------------------------------------------------------------------------------+
; Analysis & Synthesis Summary                                                 ;
+------------------------------------+-----------------------------------------+
; Analysis & Synthesis Status        ; Successful - Wed Nov 29 03:20:45 2023   ;
; Quartus II Version                 ; 9.1 Build 222 10/21/2009 SJ Web Edition ;
; Revision Name                      ; Oscillator                              ;
; Top-level Entity Name              ; Oscillator                              ;
; Family                             ; Cyclone II                              ;
; Total logic elements               ; 3,392                                   ;
;     Total combinational functions  ; 3,392                                   ;
;     Dedicated logic registers      ; 33                                      ;
; Total registers                    ; 33                                      ;
; Total pins                         ; 5                                       ;
; Total virtual pins                 ; 0                                       ;
; Total memory bits                  ; 0                                       ;
; Embedded Multiplier 9-bit elements ; 0                                       ;
; Total PLLs                         ; 0                                       ;
+------------------------------------+-----------------------------------------+


+----------------------------------------------------------------------------------------------------------------------+
; Analysis & Synthesis Settings                                                                                        ;
+----------------------------------------------------------------------------+--------------------+--------------------+
; Option                                                                     ; Setting            ; Default Value      ;
+----------------------------------------------------------------------------+--------------------+--------------------+
; Device                                                                     ; EP2C70F896C6       ;                    ;
; Top-level entity name                                                      ; Oscillator         ; Oscillator         ;
; Family name                                                                ; Cyclone II         ; Stratix II         ;
; Type of Retiming Performed During Resynthesis                              ; Full               ;                    ;
; Resynthesis Optimization Effort                                            ; Normal             ;                    ;
; Physical Synthesis Level for Resynthesis                                   ; Normal             ;                    ;
; Use Generated Physical Constraints File                                    ; On                 ;                    ;
; Use smart compilation                                                      ; Off                ; Off                ;
; Enable parallel Assembler and TimeQuest Timing Analyzer during compilation ; On                 ; On                 ;
; Enable compact report table                                                ; Off                ; Off                ;
; Restructure Multiplexers                                                   ; Auto               ; Auto               ;
; Create Debugging Nodes for IP Cores                                        ; Off                ; Off                ;
; Preserve fewer node names                                                  ; On                 ; On                 ;
; Disable OpenCore Plus hardware evaluation                                  ; Off                ; Off                ;
; Verilog Version                                                            ; Verilog_2001       ; Verilog_2001       ;
; VHDL Version                                                               ; VHDL_1993          ; VHDL_1993          ;
; State Machine Processing                                                   ; Auto               ; Auto               ;
; Safe State Machine                                                         ; Off                ; Off                ;
; Extract Verilog State Machines                                             ; On                 ; On                 ;
; Extract VHDL State Machines                                                ; On                 ; On                 ;
; Ignore Verilog initial constructs                                          ; Off                ; Off                ;
; Iteration limit for constant Verilog loops                                 ; 5000               ; 5000               ;
; Iteration limit for non-constant Verilog loops                             ; 250                ; 250                ;
; Add Pass-Through Logic to Inferred RAMs                                    ; On                 ; On                 ;
; Parallel Synthesis                                                         ; On                 ; On                 ;
; DSP Block Balancing                                                        ; Auto               ; Auto               ;
; NOT Gate Push-Back                                                         ; On                 ; On                 ;
; Power-Up Don't Care                                                        ; On                 ; On                 ;
; Remove Redundant Logic Cells                                               ; Off                ; Off                ;
; Remove Duplicate Registers                                                 ; On                 ; On                 ;
; Ignore CARRY Buffers                                                       ; Off                ; Off                ;
; Ignore CASCADE Buffers                                                     ; Off                ; Off                ;
; Ignore GLOBAL Buffers                                                      ; Off                ; Off                ;
; Ignore ROW GLOBAL Buffers                                                  ; Off                ; Off                ;
; Ignore LCELL Buffers                                                       ; Off                ; Off                ;
; Ignore SOFT Buffers                                                        ; On                 ; On                 ;
; Limit AHDL Integers to 32 Bits                                             ; Off                ; Off                ;
; Optimization Technique                                                     ; Balanced           ; Balanced           ;
; Carry Chain Length                                                         ; 70                 ; 70                 ;
; Auto Carry Chains                                                          ; On                 ; On                 ;
; Auto Open-Drain Pins                                                       ; On                 ; On                 ;
; Perform WYSIWYG Primitive Resynthesis                                      ; Off                ; Off                ;
; Auto ROM Replacement                                                       ; On                 ; On                 ;
; Auto RAM Replacement                                                       ; On                 ; On                 ;
; Auto Shift Register Replacement                                            ; Auto               ; Auto               ;
; Auto Clock Enable Replacement                                              ; On                 ; On                 ;
; Strict RAM Replacement                                                     ; Off                ; Off                ;
; Allow Synchronous Control Signals                                          ; On                 ; On                 ;
; Force Use of Synchronous Clear Signals                                     ; Off                ; Off                ;
; Auto RAM to Logic Cell Conversion                                          ; Off                ; Off                ;
; Auto Resource Sharing                                                      ; Off                ; Off                ;
; Allow Any RAM Size For Recognition                                         ; Off                ; Off                ;
; Allow Any ROM Size For Recognition                                         ; Off                ; Off                ;
; Allow Any Shift Register Size For Recognition                              ; Off                ; Off                ;
; Use LogicLock Constraints during Resource Balancing                        ; On                 ; On                 ;
; Ignore translate_off and synthesis_off directives                          ; Off                ; Off                ;
; Timing-Driven Synthesis                                                    ; Off                ; Off                ;
; Show Parameter Settings Tables in Synthesis Report                         ; On                 ; On                 ;
; Ignore Maximum Fan-Out Assignments                                         ; Off                ; Off                ;
; Synchronization Register Chain Length                                      ; 2                  ; 2                  ;
; PowerPlay Power Optimization                                               ; Normal compilation ; Normal compilation ;
; HDL message level                                                          ; Level2             ; Level2             ;
; Suppress Register Optimization Related Messages                            ; Off                ; Off                ;
; Number of Removed Registers Reported in Synthesis Report                   ; 100                ; 100                ;
; Number of Inverted Registers Reported in Synthesis Report                  ; 100                ; 100                ;
; Clock MUX Protection                                                       ; On                 ; On                 ;
; Auto Gated Clock Conversion                                                ; Off                ; Off                ;
; Block Design Naming                                                        ; Auto               ; Auto               ;
; SDC constraint protection                                                  ; Off                ; Off                ;
; Synthesis Effort                                                           ; Auto               ; Auto               ;
; Shift Register Replacement - Allow Asynchronous Clear Signal               ; On                 ; On                 ;
; Analysis & Synthesis Message Level                                         ; Medium             ; Medium             ;
; Disable Register Merging Across Hierarchies                                ; Auto               ; Auto               ;
; Resource Aware Inference For Block RAM                                     ; On                 ; On                 ;
+----------------------------------------------------------------------------+--------------------+--------------------+


Parallel compilation was disabled, but you have multiple processors available. Enable parallel compilation to reduce compilation time.
+-------------------------------------+
; Parallel Compilation                ;
+----------------------------+--------+
; Processors                 ; Number ;
+----------------------------+--------+
; Number detected on machine ; 8      ;
; Maximum allowed            ; 1      ;
+----------------------------+--------+


+-----------------------------------------------------------------------------------------------------------------------------------------------+
; Analysis & Synthesis Source Files Read                                                                                                        ;
+----------------------------------+-----------------+------------------------------+-----------------------------------------------------------+
; File Name with User-Entered Path ; Used in Netlist ; File Type                    ; File Name with Absolute Path                              ;
+----------------------------------+-----------------+------------------------------+-----------------------------------------------------------+
; oscillator.vhd                   ; yes             ; Auto-Found VHDL File         ; E:/VHDL_Project/Oscillator/oscillator.vhd                 ;
; lpm_divide.tdf                   ; yes             ; Megafunction                 ; h:/quartus/quartus/libraries/megafunctions/lpm_divide.tdf ;
; db/lpm_divide_48m.tdf            ; yes             ; Auto-Generated Megafunction  ; E:/VHDL_Project/Oscillator/db/lpm_divide_48m.tdf          ;
; db/sign_div_unsign_bnh.tdf       ; yes             ; Auto-Generated Megafunction  ; E:/VHDL_Project/Oscillator/db/sign_div_unsign_bnh.tdf     ;
; db/alt_u_div_o5f.tdf             ; yes             ; Auto-Generated Megafunction  ; E:/VHDL_Project/Oscillator/db/alt_u_div_o5f.tdf           ;
; db/add_sub_lkc.tdf               ; yes             ; Auto-Generated Megafunction  ; E:/VHDL_Project/Oscillator/db/add_sub_lkc.tdf             ;
; db/add_sub_mkc.tdf               ; yes             ; Auto-Generated Megafunction  ; E:/VHDL_Project/Oscillator/db/add_sub_mkc.tdf             ;
+----------------------------------+-----------------+------------------------------+-----------------------------------------------------------+


+-------------------------------------------------------+
; Analysis & Synthesis Resource Usage Summary           ;
+---------------------------------------------+---------+
; Resource                                    ; Usage   ;
+---------------------------------------------+---------+
; Estimated Total logic elements              ; 3,392   ;
;                                             ;         ;
; Total combinational functions               ; 3392    ;
; Logic element usage by number of LUT inputs ;         ;
;     -- 4 input functions                    ; 1049    ;
;     -- 3 input functions                    ; 1246    ;
;     -- <=2 input functions                  ; 1097    ;
;                                             ;         ;
; Logic elements by mode                      ;         ;
;     -- normal mode                          ; 2153    ;
;     -- arithmetic mode                      ; 1239    ;
;                                             ;         ;
; Total registers                             ; 33      ;
;     -- Dedicated logic registers            ; 33      ;
;     -- I/O registers                        ; 0       ;
;                                             ;         ;
; I/O pins                                    ; 5       ;
; Maximum fan-out node                        ; Add3~62 ;
; Maximum fan-out                             ; 98      ;
; Total fan-out                               ; 10098   ;
; Average fan-out                             ; 2.94    ;
+---------------------------------------------+---------+


+---------------------------------------------------------------------------------------------------------------------------------------------------------------------------------------------------------------------------------------------------------------------------------+
; Analysis & Synthesis Resource Utilization by Entity                                                                                                                                                                                                                             ;
+----------------------------------------+-------------------+--------------+-------------+--------------+---------+-----------+------+--------------+-------------------------------------------------------------------------------------------------------------+--------------+
; Compilation Hierarchy Node             ; LC Combinationals ; LC Registers ; Memory Bits ; DSP Elements ; DSP 9x9 ; DSP 18x18 ; Pins ; Virtual Pins ; Full Hierarchy Name                                                                                         ; Library Name ;
+----------------------------------------+-------------------+--------------+-------------+--------------+---------+-----------+------+--------------+-------------------------------------------------------------------------------------------------------------+--------------+
; |Oscillator                            ; 3392 (204)        ; 33 (33)      ; 0           ; 0            ; 0       ; 0         ; 5    ; 0            ; |Oscillator                                                                                                 ; work         ;
;    |lpm_divide:Mod0|                   ; 1548 (0)          ; 0 (0)        ; 0           ; 0            ; 0       ; 0         ; 0    ; 0            ; |Oscillator|lpm_divide:Mod0                                                                                 ;              ;
;       |lpm_divide_48m:auto_generated|  ; 1548 (0)          ; 0 (0)        ; 0           ; 0            ; 0       ; 0         ; 0    ; 0            ; |Oscillator|lpm_divide:Mod0|lpm_divide_48m:auto_generated                                                   ;              ;
;          |sign_div_unsign_bnh:divider| ; 1548 (0)          ; 0 (0)        ; 0           ; 0            ; 0       ; 0         ; 0    ; 0            ; |Oscillator|lpm_divide:Mod0|lpm_divide_48m:auto_generated|sign_div_unsign_bnh:divider                       ;              ;
;             |alt_u_div_o5f:divider|    ; 1548 (1548)       ; 0 (0)        ; 0           ; 0            ; 0       ; 0         ; 0    ; 0            ; |Oscillator|lpm_divide:Mod0|lpm_divide_48m:auto_generated|sign_div_unsign_bnh:divider|alt_u_div_o5f:divider ;              ;
;    |lpm_divide:Mod1|                   ; 1640 (0)          ; 0 (0)        ; 0           ; 0            ; 0       ; 0         ; 0    ; 0            ; |Oscillator|lpm_divide:Mod1                                                                                 ;              ;
;       |lpm_divide_48m:auto_generated|  ; 1640 (0)          ; 0 (0)        ; 0           ; 0            ; 0       ; 0         ; 0    ; 0            ; |Oscillator|lpm_divide:Mod1|lpm_divide_48m:auto_generated                                                   ;              ;
;          |sign_div_unsign_bnh:divider| ; 1640 (0)          ; 0 (0)        ; 0           ; 0            ; 0       ; 0         ; 0    ; 0            ; |Oscillator|lpm_divide:Mod1|lpm_divide_48m:auto_generated|sign_div_unsign_bnh:divider                       ;              ;
;             |alt_u_div_o5f:divider|    ; 1640 (1640)       ; 0 (0)        ; 0           ; 0            ; 0       ; 0         ; 0    ; 0            ; |Oscillator|lpm_divide:Mod1|lpm_divide_48m:auto_generated|sign_div_unsign_bnh:divider|alt_u_div_o5f:divider ;              ;
+----------------------------------------+-------------------+--------------+-------------+--------------+---------+-----------+------+--------------+-------------------------------------------------------------------------------------------------------------+--------------+
Note: For table entries with two numbers listed, the numbers in parentheses indicate the number of resources of the given type used by the specific entity alone. The numbers listed outside of parentheses indicate the total resources of the given type used by the specific entity and all of its sub-entities in the hierarchy.


+---------------------------------------------------------------------------------------------------+
; User-Specified and Inferred Latches                                                               ;
+----------------------------------------------------+---------------------+------------------------+
; Latch Name                                         ; Latch Enable Signal ; Free of Timing Hazards ;
+----------------------------------------------------+---------------------+------------------------+
; n[1]                                               ; process_0           ; yes                    ;
; n[2]                                               ; process_0           ; yes                    ;
; Number of user-specified and inferred latches = 2  ;                     ;                        ;
+----------------------------------------------------+---------------------+------------------------+
Note: All latches listed above may not be present at the end of synthesis due to various synthesis optimizations.


+------------------------------------------------------+
; General Register Statistics                          ;
+----------------------------------------------+-------+
; Statistic                                    ; Value ;
+----------------------------------------------+-------+
; Total registers                              ; 33    ;
; Number of registers using Synchronous Clear  ; 0     ;
; Number of registers using Synchronous Load   ; 0     ;
; Number of registers using Asynchronous Clear ; 0     ;
; Number of registers using Asynchronous Load  ; 0     ;
; Number of registers using Clock Enable       ; 33    ;
; Number of registers using Preset             ; 0     ;
+----------------------------------------------+-------+


+------------------------------------------------------------------------------------------------------------------------------------------+
; Multiplexer Restructuring Statistics (Restructuring Performed)                                                                           ;
+--------------------+-----------+---------------+----------------------+------------------------+------------+----------------------------+
; Multiplexer Inputs ; Bus Width ; Baseline Area ; Area if Restructured ; Saving if Restructured ; Registered ; Example Multiplexer Output ;
+--------------------+-----------+---------------+----------------------+------------------------+------------+----------------------------+
; 4:1                ; 2 bits    ; 4 LEs         ; 4 LEs                ; 0 LEs                  ; No         ; |Oscillator|n              ;
+--------------------+-----------+---------------+----------------------+------------------------+------------+----------------------------+


+------------------------------------------------------------------+
; Parameter Settings for Inferred Entity Instance: lpm_divide:Mod0 ;
+------------------------+----------------+------------------------+
; Parameter Name         ; Value          ; Type                   ;
+------------------------+----------------+------------------------+
; LPM_WIDTHN             ; 33             ; Untyped                ;
; LPM_WIDTHD             ; 33             ; Untyped                ;
; LPM_NREPRESENTATION    ; UNSIGNED       ; Untyped                ;
; LPM_DREPRESENTATION    ; UNSIGNED       ; Untyped                ;
; LPM_PIPELINE           ; 0              ; Untyped                ;
; LPM_REMAINDERPOSITIVE  ; TRUE           ; Untyped                ;
; MAXIMIZE_SPEED         ; 5              ; Untyped                ;
; CBXI_PARAMETER         ; lpm_divide_48m ; Untyped                ;
; CARRY_CHAIN            ; MANUAL         ; Untyped                ;
; OPTIMIZE_FOR_SPEED     ; 5              ; Untyped                ;
; AUTO_CARRY_CHAINS      ; ON             ; AUTO_CARRY             ;
; IGNORE_CARRY_BUFFERS   ; OFF            ; IGNORE_CARRY           ;
; AUTO_CASCADE_CHAINS    ; ON             ; AUTO_CASCADE           ;
; IGNORE_CASCADE_BUFFERS ; OFF            ; IGNORE_CASCADE         ;
+------------------------+----------------+------------------------+
Note: In order to hide this table in the UI and the text report file, please set the "Show Parameter Settings Tables in Synthesis Report" option in "Analysis and Synthesis Settings -> More Settings" to "Off".


+------------------------------------------------------------------+
; Parameter Settings for Inferred Entity Instance: lpm_divide:Mod1 ;
+------------------------+----------------+------------------------+
; Parameter Name         ; Value          ; Type                   ;
+------------------------+----------------+------------------------+
; LPM_WIDTHN             ; 33             ; Untyped                ;
; LPM_WIDTHD             ; 33             ; Untyped                ;
; LPM_NREPRESENTATION    ; UNSIGNED       ; Untyped                ;
; LPM_DREPRESENTATION    ; UNSIGNED       ; Untyped                ;
; LPM_PIPELINE           ; 0              ; Untyped                ;
; LPM_REMAINDERPOSITIVE  ; TRUE           ; Untyped                ;
; MAXIMIZE_SPEED         ; 5              ; Untyped                ;
; CBXI_PARAMETER         ; lpm_divide_48m ; Untyped                ;
; CARRY_CHAIN            ; MANUAL         ; Untyped                ;
; OPTIMIZE_FOR_SPEED     ; 5              ; Untyped                ;
; AUTO_CARRY_CHAINS      ; ON             ; AUTO_CARRY             ;
; IGNORE_CARRY_BUFFERS   ; OFF            ; IGNORE_CARRY           ;
; AUTO_CASCADE_CHAINS    ; ON             ; AUTO_CASCADE           ;
; IGNORE_CASCADE_BUFFERS ; OFF            ; IGNORE_CASCADE         ;
+------------------------+----------------+------------------------+
Note: In order to hide this table in the UI and the text report file, please set the "Show Parameter Settings Tables in Synthesis Report" option in "Analysis and Synthesis Settings -> More Settings" to "Off".


+-------------------------------+
; Analysis & Synthesis Messages ;
+-------------------------------+
Info: *******************************************************************
Info: Running Quartus II Analysis & Synthesis
    Info: Version 9.1 Build 222 10/21/2009 SJ Web Edition
    Info: Processing started: Wed Nov 29 03:20:39 2023
Info: Command: quartus_map --read_settings_files=on --write_settings_files=off Oscillator -c Oscillator
Warning: Using design file oscillator.vhd, which is not specified as a design file for the current project, but contains definitions for 2 design units and 1 entities in project
    Info: Found design unit 1: Oscillator-Delay
    Info: Found entity 1: Oscillator
Info: Elaborating entity "Oscillator" for the top level hierarchy
Warning (10631): VHDL Process Statement warning at oscillator.vhd(17): inferring latch(es) for signal or variable "n", which holds its previous value in one or more paths through the process
Info (10041): Inferred latch for "n[0]" at oscillator.vhd(20)
Info (10041): Inferred latch for "n[1]" at oscillator.vhd(20)
Info (10041): Inferred latch for "n[2]" at oscillator.vhd(20)
Info (10041): Inferred latch for "n[3]" at oscillator.vhd(20)
Info (10041): Inferred latch for "n[4]" at oscillator.vhd(20)
Info (10041): Inferred latch for "n[5]" at oscillator.vhd(20)
Info (10041): Inferred latch for "n[6]" at oscillator.vhd(20)
Info (10041): Inferred latch for "n[7]" at oscillator.vhd(20)
Info (10041): Inferred latch for "n[8]" at oscillator.vhd(20)
Info (10041): Inferred latch for "n[9]" at oscillator.vhd(20)
Info (10041): Inferred latch for "n[10]" at oscillator.vhd(20)
Info (10041): Inferred latch for "n[11]" at oscillator.vhd(20)
Info (10041): Inferred latch for "n[12]" at oscillator.vhd(20)
Info (10041): Inferred latch for "n[13]" at oscillator.vhd(20)
Info (10041): Inferred latch for "n[14]" at oscillator.vhd(20)
Info (10041): Inferred latch for "n[15]" at oscillator.vhd(20)
Info (10041): Inferred latch for "n[16]" at oscillator.vhd(20)
Info (10041): Inferred latch for "n[17]" at oscillator.vhd(20)
Info (10041): Inferred latch for "n[18]" at oscillator.vhd(20)
Info (10041): Inferred latch for "n[19]" at oscillator.vhd(20)
Info (10041): Inferred latch for "n[20]" at oscillator.vhd(20)
Info (10041): Inferred latch for "n[21]" at oscillator.vhd(20)
Info (10041): Inferred latch for "n[22]" at oscillator.vhd(20)
Info (10041): Inferred latch for "n[23]" at oscillator.vhd(20)
Info (10041): Inferred latch for "n[24]" at oscillator.vhd(20)
Info (10041): Inferred latch for "n[25]" at oscillator.vhd(20)
Info (10041): Inferred latch for "n[26]" at oscillator.vhd(20)
Info (10041): Inferred latch for "n[27]" at oscillator.vhd(20)
Info (10041): Inferred latch for "n[28]" at oscillator.vhd(20)
Info (10041): Inferred latch for "n[29]" at oscillator.vhd(20)
Info (10041): Inferred latch for "n[30]" at oscillator.vhd(20)
Info (10041): Inferred latch for "n[31]" at oscillator.vhd(20)
Info: Inferred 2 megafunctions from design logic
    Info: Inferred divider/modulo megafunction ("lpm_divide") from the following logic: "Mod0"
    Info: Inferred divider/modulo megafunction ("lpm_divide") from the following logic: "Mod1"
Info: Elaborated megafunction instantiation "lpm_divide:Mod0"
Info: Instantiated megafunction "lpm_divide:Mod0" with the following parameter:
    Info: Parameter "LPM_WIDTHN" = "33"
    Info: Parameter "LPM_WIDTHD" = "33"
    Info: Parameter "LPM_NREPRESENTATION" = "UNSIGNED"
    Info: Parameter "LPM_DREPRESENTATION" = "UNSIGNED"
Info: Found 1 design units, including 1 entities, in source file db/lpm_divide_48m.tdf
    Info: Found entity 1: lpm_divide_48m
Info: Found 1 design units, including 1 entities, in source file db/sign_div_unsign_bnh.tdf
    Info: Found entity 1: sign_div_unsign_bnh
Info: Found 1 design units, including 1 entities, in source file db/alt_u_div_o5f.tdf
    Info: Found entity 1: alt_u_div_o5f
Info: Found 1 design units, including 1 entities, in source file db/add_sub_lkc.tdf
    Info: Found entity 1: add_sub_lkc
Info: Found 1 design units, including 1 entities, in source file db/add_sub_mkc.tdf
    Info: Found entity 1: add_sub_mkc
Info: Elaborated megafunction instantiation "lpm_divide:Mod1"
Info: Instantiated megafunction "lpm_divide:Mod1" with the following parameter:
    Info: Parameter "LPM_WIDTHN" = "33"
    Info: Parameter "LPM_WIDTHD" = "33"
    Info: Parameter "LPM_NREPRESENTATION" = "UNSIGNED"
    Info: Parameter "LPM_DREPRESENTATION" = "UNSIGNED"
Warning: Latch n[1] has unsafe behavior
    Warning: Ports D and ENA on the latch are fed by the same signal sw[0]
Warning: Latch n[2] has unsafe behavior
    Warning: Ports D and ENA on the latch are fed by the same signal sw[0]
Info: Implemented 3397 device resources after synthesis - the final resource count might be different
    Info: Implemented 4 input pins
    Info: Implemented 1 output pins
    Info: Implemented 3392 logic cells
Info: Quartus II Analysis & Synthesis was successful. 0 errors, 6 warnings
    Info: Peak virtual memory: 265 megabytes
    Info: Processing ended: Wed Nov 29 03:20:45 2023
    Info: Elapsed time: 00:00:06
    Info: Total CPU time (on all processors): 00:00:06


