Classic Timing Analyzer report for Press_Key
Mon Nov 20 20:38:40 2023
Quartus II Version 9.1 Build 222 10/21/2009 SJ Web Edition


---------------------
; Table of Contents ;
---------------------
  1. Legal Notice
  2. Timing Analyzer Summary
  3. Timing Analyzer Settings
  4. Clock Settings Summary
  5. Parallel Compilation
  6. Clock Setup: 'key'
  7. tco
  8. Timing Analyzer Messages



----------------
; Legal Notice ;
----------------
Copyright (C) 1991-2009 Altera Corporation
Your use of Altera Corporation's design tools, logic functions 
and other software and tools, and its AMPP partner logic 
functions, and any output files from any of the foregoing 
(including device programming or simulation files), and any 
associated documentation or information are expressly subject 
to the terms and conditions of the Altera Program License 
Subscription Agreement, Altera MegaCore Function License 
Agreement, or other applicable license agreement, including, 
without limitation, that your use is for the sole purpose of 
programming logic devices manufactured by Altera and sold by 
Altera or its authorized distributors.  Please refer to the 
applicable agreement for further details.



+-----------------------------------------------------------------------------------------------------------------------------------------------------------------------+
; Timing Analyzer Summary                                                                                                                                               ;
+------------------------------+-------+---------------+------------------------------------------------+-------------+----------+------------+----------+--------------+
; Type                         ; Slack ; Required Time ; Actual Time                                    ; From        ; To       ; From Clock ; To Clock ; Failed Paths ;
+------------------------------+-------+---------------+------------------------------------------------+-------------+----------+------------+----------+--------------+
; Worst-case tco               ; N/A   ; None          ; 6.363 ns                                       ; led[2]~reg0 ; led[2]   ; key        ; --       ; 0            ;
; Clock Setup: 'key'           ; N/A   ; None          ; Restricted to 450.05 MHz ( period = 2.222 ns ) ; count[0]    ; count[3] ; key        ; key      ; 0            ;
; Total number of failed paths ;       ;               ;                                                ;             ;          ;            ;          ; 0            ;
+------------------------------+-------+---------------+------------------------------------------------+-------------+----------+------------+----------+--------------+


+-----------------------------------------------------------------------------------------------------------------------------------------------------+
; Timing Analyzer Settings                                                                                                                            ;
+------------------------------------------------------------------------------------------------------+--------------------+------+----+-------------+
; Option                                                                                               ; Setting            ; From ; To ; Entity Name ;
+------------------------------------------------------------------------------------------------------+--------------------+------+----+-------------+
; Device Name                                                                                          ; EP2C70F896C6       ;      ;    ;             ;
; Timing Models                                                                                        ; Final              ;      ;    ;             ;
; Default hold multicycle                                                                              ; Same as Multicycle ;      ;    ;             ;
; Cut paths between unrelated clock domains                                                            ; On                 ;      ;    ;             ;
; Cut off read during write signal paths                                                               ; On                 ;      ;    ;             ;
; Cut off feedback from I/O pins                                                                       ; On                 ;      ;    ;             ;
; Report Combined Fast/Slow Timing                                                                     ; Off                ;      ;    ;             ;
; Ignore Clock Settings                                                                                ; Off                ;      ;    ;             ;
; Analyze latches as synchronous elements                                                              ; On                 ;      ;    ;             ;
; Enable Recovery/Removal analysis                                                                     ; Off                ;      ;    ;             ;
; Enable Clock Latency                                                                                 ; Off                ;      ;    ;             ;
; Use TimeQuest Timing Analyzer                                                                        ; Off                ;      ;    ;             ;
; Minimum Core Junction Temperature                                                                    ; 0                  ;      ;    ;             ;
; Maximum Core Junction Temperature                                                                    ; 85                 ;      ;    ;             ;
; Number of source nodes to report per destination node                                                ; 10                 ;      ;    ;             ;
; Number of destination nodes to report                                                                ; 10                 ;      ;    ;             ;
; Number of paths to report                                                                            ; 200                ;      ;    ;             ;
; Report Minimum Timing Checks                                                                         ; Off                ;      ;    ;             ;
; Use Fast Timing Models                                                                               ; Off                ;      ;    ;             ;
; Report IO Paths Separately                                                                           ; Off                ;      ;    ;             ;
; Perform Multicorner Analysis                                                                         ; On                 ;      ;    ;             ;
; Reports the worst-case path for each clock domain and analysis                                       ; Off                ;      ;    ;             ;
; Reports worst-case timing paths for each clock domain and analysis                                   ; On                 ;      ;    ;             ;
; Specifies the maximum number of worst-case timing paths to report for each clock domain and analysis ; 100                ;      ;    ;             ;
; Removes common clock path pessimism (CCPP) during slack computation                                  ; Off                ;      ;    ;             ;
; Output I/O Timing Endpoint                                                                           ; Near End           ;      ;    ;             ;
+------------------------------------------------------------------------------------------------------+--------------------+------+----+-------------+


+------------------------------------------------------------------------------------------------------------------------------------------------------------------------------------+
; Clock Settings Summary                                                                                                                                                             ;
+-----------------+--------------------+----------+------------------+---------------+--------------+----------+-----------------------+---------------------+--------+--------------+
; Clock Node Name ; Clock Setting Name ; Type     ; Fmax Requirement ; Early Latency ; Late Latency ; Based on ; Multiply Base Fmax by ; Divide Base Fmax by ; Offset ; Phase offset ;
+-----------------+--------------------+----------+------------------+---------------+--------------+----------+-----------------------+---------------------+--------+--------------+
; key             ;                    ; User Pin ; None             ; 0.000 ns      ; 0.000 ns     ; --       ; N/A                   ; N/A                 ; N/A    ;              ;
+-----------------+--------------------+----------+------------------+---------------+--------------+----------+-----------------------+---------------------+--------+--------------+


Parallel compilation was disabled, but you have multiple processors available. Enable parallel compilation to reduce compilation time.
+-------------------------------------+
; Parallel Compilation                ;
+----------------------------+--------+
; Processors                 ; Number ;
+----------------------------+--------+
; Number detected on machine ; 8      ;
; Maximum allowed            ; 1      ;
+----------------------------+--------+


+---------------------------------------------------------------------------------------------------------------------------------------------------------------------------------------------+
; Clock Setup: 'key'                                                                                                                                                                          ;
+-------+------------------------------------------------+----------+-------------+------------+----------+-----------------------------+---------------------------+-------------------------+
; Slack ; Actual fmax (period)                           ; From     ; To          ; From Clock ; To Clock ; Required Setup Relationship ; Required Longest P2P Time ; Actual Longest P2P Time ;
+-------+------------------------------------------------+----------+-------------+------------+----------+-----------------------------+---------------------------+-------------------------+
; N/A   ; Restricted to 450.05 MHz ( period = 2.222 ns ) ; count[0] ; count[3]    ; key        ; key      ; None                        ; None                      ; 1.035 ns                ;
; N/A   ; Restricted to 450.05 MHz ( period = 2.222 ns ) ; count[0] ; count[2]    ; key        ; key      ; None                        ; None                      ; 0.828 ns                ;
; N/A   ; Restricted to 450.05 MHz ( period = 2.222 ns ) ; count[1] ; count[3]    ; key        ; key      ; None                        ; None                      ; 0.824 ns                ;
; N/A   ; Restricted to 450.05 MHz ( period = 2.222 ns ) ; count[0] ; count[1]    ; key        ; key      ; None                        ; None                      ; 0.730 ns                ;
; N/A   ; Restricted to 450.05 MHz ( period = 2.222 ns ) ; count[0] ; led[0]~reg0 ; key        ; key      ; None                        ; None                      ; 0.697 ns                ;
; N/A   ; Restricted to 450.05 MHz ( period = 2.222 ns ) ; count[1] ; count[2]    ; key        ; key      ; None                        ; None                      ; 0.549 ns                ;
; N/A   ; Restricted to 450.05 MHz ( period = 2.222 ns ) ; count[1] ; led[1]~reg0 ; key        ; key      ; None                        ; None                      ; 0.548 ns                ;
; N/A   ; Restricted to 450.05 MHz ( period = 2.222 ns ) ; count[2] ; led[2]~reg0 ; key        ; key      ; None                        ; None                      ; 0.543 ns                ;
; N/A   ; Restricted to 450.05 MHz ( period = 2.222 ns ) ; count[2] ; count[3]    ; key        ; key      ; None                        ; None                      ; 0.542 ns                ;
; N/A   ; Restricted to 450.05 MHz ( period = 2.222 ns ) ; count[3] ; led[3]~reg0 ; key        ; key      ; None                        ; None                      ; 0.541 ns                ;
; N/A   ; Restricted to 450.05 MHz ( period = 2.222 ns ) ; count[0] ; count[0]    ; key        ; key      ; None                        ; None                      ; 0.407 ns                ;
; N/A   ; Restricted to 450.05 MHz ( period = 2.222 ns ) ; count[1] ; count[1]    ; key        ; key      ; None                        ; None                      ; 0.407 ns                ;
; N/A   ; Restricted to 450.05 MHz ( period = 2.222 ns ) ; count[2] ; count[2]    ; key        ; key      ; None                        ; None                      ; 0.407 ns                ;
; N/A   ; Restricted to 450.05 MHz ( period = 2.222 ns ) ; count[3] ; count[3]    ; key        ; key      ; None                        ; None                      ; 0.407 ns                ;
+-------+------------------------------------------------+----------+-------------+------------+----------+-----------------------------+---------------------------+-------------------------+


+-----------------------------------------------------------------------+
; tco                                                                   ;
+-------+--------------+------------+-------------+--------+------------+
; Slack ; Required tco ; Actual tco ; From        ; To     ; From Clock ;
+-------+--------------+------------+-------------+--------+------------+
; N/A   ; None         ; 6.363 ns   ; led[2]~reg0 ; led[2] ; key        ;
; N/A   ; None         ; 6.004 ns   ; led[3]~reg0 ; led[3] ; key        ;
; N/A   ; None         ; 6.002 ns   ; led[1]~reg0 ; led[1] ; key        ;
; N/A   ; None         ; 5.927 ns   ; led[0]~reg0 ; led[0] ; key        ;
+-------+--------------+------------+-------------+--------+------------+


+--------------------------+
; Timing Analyzer Messages ;
+--------------------------+
Info: *******************************************************************
Info: Running Quartus II Classic Timing Analyzer
    Info: Version 9.1 Build 222 10/21/2009 SJ Web Edition
    Info: Processing started: Mon Nov 20 20:38:40 2023
Info: Command: quartus_tan --read_settings_files=off --write_settings_files=off Press_Key -c Press_Key --timing_analysis_only
Warning: Found pins functioning as undefined clocks and/or memory enables
    Info: Assuming node "key" is an undefined clock
Info: Clock "key" Internal fmax is restricted to 450.05 MHz between source register "count[0]" and destination register "count[3]"
    Info: fmax restricted to clock pin edge rate 2.222 ns. Expand message to see actual delay path.
        Info: + Longest register to register delay is 1.035 ns
            Info: 1: + IC(0.000 ns) + CELL(0.000 ns) = 0.000 ns; Loc. = LCFF_X94_Y20_N9; Fanout = 5; REG Node = 'count[0]'
            Info: 2: + IC(0.513 ns) + CELL(0.438 ns) = 0.951 ns; Loc. = LCCOMB_X94_Y20_N6; Fanout = 1; COMB Node = 'count[3]~2'
            Info: 3: + IC(0.000 ns) + CELL(0.084 ns) = 1.035 ns; Loc. = LCFF_X94_Y20_N7; Fanout = 2; REG Node = 'count[3]'
            Info: Total cell delay = 0.522 ns ( 50.43 % )
            Info: Total interconnect delay = 0.513 ns ( 49.57 % )
        Info: - Smallest clock skew is 0.000 ns
            Info: + Shortest clock path from clock "key" to destination register is 2.365 ns
                Info: 1: + IC(0.000 ns) + CELL(0.842 ns) = 0.842 ns; Loc. = PIN_T29; Fanout = 8; CLK Node = 'key'
                Info: 2: + IC(0.986 ns) + CELL(0.537 ns) = 2.365 ns; Loc. = LCFF_X94_Y20_N7; Fanout = 2; REG Node = 'count[3]'
                Info: Total cell delay = 1.379 ns ( 58.31 % )
                Info: Total interconnect delay = 0.986 ns ( 41.69 % )
            Info: - Longest clock path from clock "key" to source register is 2.365 ns
                Info: 1: + IC(0.000 ns) + CELL(0.842 ns) = 0.842 ns; Loc. = PIN_T29; Fanout = 8; CLK Node = 'key'
                Info: 2: + IC(0.986 ns) + CELL(0.537 ns) = 2.365 ns; Loc. = LCFF_X94_Y20_N9; Fanout = 5; REG Node = 'count[0]'
                Info: Total cell delay = 1.379 ns ( 58.31 % )
                Info: Total interconnect delay = 0.986 ns ( 41.69 % )
        Info: + Micro clock to output delay of source is 0.250 ns
        Info: + Micro setup delay of destination is -0.036 ns
Info: tco from clock "key" to destination pin "led[2]" through register "led[2]~reg0" is 6.363 ns
    Info: + Longest clock path from clock "key" to source register is 2.365 ns
        Info: 1: + IC(0.000 ns) + CELL(0.842 ns) = 0.842 ns; Loc. = PIN_T29; Fanout = 8; CLK Node = 'key'
        Info: 2: + IC(0.986 ns) + CELL(0.537 ns) = 2.365 ns; Loc. = LCFF_X94_Y20_N21; Fanout = 1; REG Node = 'led[2]~reg0'
        Info: Total cell delay = 1.379 ns ( 58.31 % )
        Info: Total interconnect delay = 0.986 ns ( 41.69 % )
    Info: + Micro clock to output delay of source is 0.250 ns
    Info: + Longest register to pin delay is 3.748 ns
        Info: 1: + IC(0.000 ns) + CELL(0.000 ns) = 0.000 ns; Loc. = LCFF_X94_Y20_N21; Fanout = 1; REG Node = 'led[2]~reg0'
        Info: 2: + IC(1.146 ns) + CELL(2.602 ns) = 3.748 ns; Loc. = PIN_W23; Fanout = 0; PIN Node = 'led[2]'
        Info: Total cell delay = 2.602 ns ( 69.42 % )
        Info: Total interconnect delay = 1.146 ns ( 30.58 % )
Info: Quartus II Classic Timing Analyzer was successful. 0 errors, 1 warning
    Info: Peak virtual memory: 190 megabytes
    Info: Processing ended: Mon Nov 20 20:38:40 2023
    Info: Elapsed time: 00:00:00
    Info: Total CPU time (on all processors): 00:00:00


