Analysis & Synthesis report for Segment
Mon Dec 11 10:39:58 2023
Quartus II Version 9.1 Build 222 10/21/2009 SJ Web Edition


---------------------
; Table of Contents ;
---------------------
  1. Legal Notice
  2. Analysis & Synthesis Summary
  3. Analysis & Synthesis Settings
  4. Parallel Compilation
  5. Analysis & Synthesis Source Files Read
  6. Analysis & Synthesis Resource Usage Summary
  7. Analysis & Synthesis Resource Utilization by Entity
  8. Registers Removed During Synthesis
  9. General Register Statistics
 10. Inverted Register Statistics
 11. Multiplexer Restructuring Statistics (Restructuring Performed)
 12. Parameter Settings for Inferred Entity Instance: lpm_divide:Mod0
 13. Analysis & Synthesis Messages



----------------
; Legal Notice ;
----------------
Copyright (C) 1991-2009 Altera Corporation
Your use of Altera Corporation's design tools, logic functions 
and other software and tools, and its AMPP partner logic 
functions, and any output files from any of the foregoing 
(including device programming or simulation files), and any 
associated documentation or information are expressly subject 
to the terms and conditions of the Altera Program License 
Subscription Agreement, Altera MegaCore Function License 
Agreement, or other applicable license agreement, including, 
without limitation, that your use is for the sole purpose of 
programming logic devices manufactured by Altera and sold by 
Altera or its authorized distributors.  Please refer to the 
applicable agreement for further details.



+------------------------------------------------------------------------------+
; Analysis & Synthesis Summary                                                 ;
+------------------------------------+-----------------------------------------+
; Analysis & Synthesis Status        ; Successful - Mon Dec 11 10:39:58 2023   ;
; Quartus II Version                 ; 9.1 Build 222 10/21/2009 SJ Web Edition ;
; Revision Name                      ; Segment                                 ;
; Top-level Entity Name              ; Segment                                 ;
; Family                             ; Cyclone II                              ;
; Total logic elements               ; 1,872                                   ;
;     Total combinational functions  ; 1,869                                   ;
;     Dedicated logic registers      ; 92                                      ;
; Total registers                    ; 92                                      ;
; Total pins                         ; 66                                      ;
; Total virtual pins                 ; 0                                       ;
; Total memory bits                  ; 0                                       ;
; Embedded Multiplier 9-bit elements ; 0                                       ;
; Total PLLs                         ; 0                                       ;
+------------------------------------+-----------------------------------------+


+----------------------------------------------------------------------------------------------------------------------+
; Analysis & Synthesis Settings                                                                                        ;
+----------------------------------------------------------------------------+--------------------+--------------------+
; Option                                                                     ; Setting            ; Default Value      ;
+----------------------------------------------------------------------------+--------------------+--------------------+
; Device                                                                     ; EP2C70F896C6       ;                    ;
; Top-level entity name                                                      ; Segment            ; Segment            ;
; Family name                                                                ; Cyclone II         ; Stratix II         ;
; Type of Retiming Performed During Resynthesis                              ; Full               ;                    ;
; Resynthesis Optimization Effort                                            ; Normal             ;                    ;
; Physical Synthesis Level for Resynthesis                                   ; Normal             ;                    ;
; Use Generated Physical Constraints File                                    ; On                 ;                    ;
; Use smart compilation                                                      ; Off                ; Off                ;
; Enable parallel Assembler and TimeQuest Timing Analyzer during compilation ; On                 ; On                 ;
; Enable compact report table                                                ; Off                ; Off                ;
; Restructure Multiplexers                                                   ; Auto               ; Auto               ;
; Create Debugging Nodes for IP Cores                                        ; Off                ; Off                ;
; Preserve fewer node names                                                  ; On                 ; On                 ;
; Disable OpenCore Plus hardware evaluation                                  ; Off                ; Off                ;
; Verilog Version                                                            ; Verilog_2001       ; Verilog_2001       ;
; VHDL Version                                                               ; VHDL_1993          ; VHDL_1993          ;
; State Machine Processing                                                   ; Auto               ; Auto               ;
; Safe State Machine                                                         ; Off                ; Off                ;
; Extract Verilog State Machines                                             ; On                 ; On                 ;
; Extract VHDL State Machines                                                ; On                 ; On                 ;
; Ignore Verilog initial constructs                                          ; Off                ; Off                ;
; Iteration limit for constant Verilog loops                                 ; 5000               ; 5000               ;
; Iteration limit for non-constant Verilog loops                             ; 250                ; 250                ;
; Add Pass-Through Logic to Inferred RAMs                                    ; On                 ; On                 ;
; Parallel Synthesis                                                         ; On                 ; On                 ;
; DSP Block Balancing                                                        ; Auto               ; Auto               ;
; NOT Gate Push-Back                                                         ; On                 ; On                 ;
; Power-Up Don't Care                                                        ; On                 ; On                 ;
; Remove Redundant Logic Cells                                               ; Off                ; Off                ;
; Remove Duplicate Registers                                                 ; On                 ; On                 ;
; Ignore CARRY Buffers                                                       ; Off                ; Off                ;
; Ignore CASCADE Buffers                                                     ; Off                ; Off                ;
; Ignore GLOBAL Buffers                                                      ; Off                ; Off                ;
; Ignore ROW GLOBAL Buffers                                                  ; Off                ; Off                ;
; Ignore LCELL Buffers                                                       ; Off                ; Off                ;
; Ignore SOFT Buffers                                                        ; On                 ; On                 ;
; Limit AHDL Integers to 32 Bits                                             ; Off                ; Off                ;
; Optimization Technique                                                     ; Balanced           ; Balanced           ;
; Carry Chain Length                                                         ; 70                 ; 70                 ;
; Auto Carry Chains                                                          ; On                 ; On                 ;
; Auto Open-Drain Pins                                                       ; On                 ; On                 ;
; Perform WYSIWYG Primitive Resynthesis                                      ; Off                ; Off                ;
; Auto ROM Replacement                                                       ; On                 ; On                 ;
; Auto RAM Replacement                                                       ; On                 ; On                 ;
; Auto Shift Register Replacement                                            ; Auto               ; Auto               ;
; Auto Clock Enable Replacement                                              ; On                 ; On                 ;
; Strict RAM Replacement                                                     ; Off                ; Off                ;
; Allow Synchronous Control Signals                                          ; On                 ; On                 ;
; Force Use of Synchronous Clear Signals                                     ; Off                ; Off                ;
; Auto RAM to Logic Cell Conversion                                          ; Off                ; Off                ;
; Auto Resource Sharing                                                      ; Off                ; Off                ;
; Allow Any RAM Size For Recognition                                         ; Off                ; Off                ;
; Allow Any ROM Size For Recognition                                         ; Off                ; Off                ;
; Allow Any Shift Register Size For Recognition                              ; Off                ; Off                ;
; Use LogicLock Constraints during Resource Balancing                        ; On                 ; On                 ;
; Ignore translate_off and synthesis_off directives                          ; Off                ; Off                ;
; Timing-Driven Synthesis                                                    ; Off                ; Off                ;
; Show Parameter Settings Tables in Synthesis Report                         ; On                 ; On                 ;
; Ignore Maximum Fan-Out Assignments                                         ; Off                ; Off                ;
; Synchronization Register Chain Length                                      ; 2                  ; 2                  ;
; PowerPlay Power Optimization                                               ; Normal compilation ; Normal compilation ;
; HDL message level                                                          ; Level2             ; Level2             ;
; Suppress Register Optimization Related Messages                            ; Off                ; Off                ;
; Number of Removed Registers Reported in Synthesis Report                   ; 100                ; 100                ;
; Number of Inverted Registers Reported in Synthesis Report                  ; 100                ; 100                ;
; Clock MUX Protection                                                       ; On                 ; On                 ;
; Auto Gated Clock Conversion                                                ; Off                ; Off                ;
; Block Design Naming                                                        ; Auto               ; Auto               ;
; SDC constraint protection                                                  ; Off                ; Off                ;
; Synthesis Effort                                                           ; Auto               ; Auto               ;
; Shift Register Replacement - Allow Asynchronous Clear Signal               ; On                 ; On                 ;
; Analysis & Synthesis Message Level                                         ; Medium             ; Medium             ;
; Disable Register Merging Across Hierarchies                                ; Auto               ; Auto               ;
; Resource Aware Inference For Block RAM                                     ; On                 ; On                 ;
+----------------------------------------------------------------------------+--------------------+--------------------+


Parallel compilation was disabled, but you have multiple processors available. Enable parallel compilation to reduce compilation time.
+-------------------------------------+
; Parallel Compilation                ;
+----------------------------+--------+
; Processors                 ; Number ;
+----------------------------+--------+
; Number detected on machine ; 8      ;
; Maximum allowed            ; 1      ;
+----------------------------+--------+


+-----------------------------------------------------------------------------------------------------------------------------------------------+
; Analysis & Synthesis Source Files Read                                                                                                        ;
+----------------------------------+-----------------+------------------------------+-----------------------------------------------------------+
; File Name with User-Entered Path ; Used in Netlist ; File Type                    ; File Name with Absolute Path                              ;
+----------------------------------+-----------------+------------------------------+-----------------------------------------------------------+
; Segment.vhd                      ; yes             ; User VHDL File               ; E:/VHDL_Project/Segment/Segment.vhd                       ;
; lpm_divide.tdf                   ; yes             ; Megafunction                 ; h:/quartus/quartus/libraries/megafunctions/lpm_divide.tdf ;
; db/lpm_divide_qlo.tdf            ; yes             ; Auto-Generated Megafunction  ; E:/VHDL_Project/Segment/db/lpm_divide_qlo.tdf             ;
; db/abs_divider_4dg.tdf           ; yes             ; Auto-Generated Megafunction  ; E:/VHDL_Project/Segment/db/abs_divider_4dg.tdf            ;
; db/alt_u_div_k5f.tdf             ; yes             ; Auto-Generated Megafunction  ; E:/VHDL_Project/Segment/db/alt_u_div_k5f.tdf              ;
; db/add_sub_lkc.tdf               ; yes             ; Auto-Generated Megafunction  ; E:/VHDL_Project/Segment/db/add_sub_lkc.tdf                ;
; db/add_sub_mkc.tdf               ; yes             ; Auto-Generated Megafunction  ; E:/VHDL_Project/Segment/db/add_sub_mkc.tdf                ;
; db/lpm_abs_0s9.tdf               ; yes             ; Auto-Generated Megafunction  ; E:/VHDL_Project/Segment/db/lpm_abs_0s9.tdf                ;
+----------------------------------+-----------------+------------------------------+-----------------------------------------------------------+


+-------------------------------------------------------+
; Analysis & Synthesis Resource Usage Summary           ;
+---------------------------------------------+---------+
; Resource                                    ; Usage   ;
+---------------------------------------------+---------+
; Estimated Total logic elements              ; 1,872   ;
;                                             ;         ;
; Total combinational functions               ; 1869    ;
; Logic element usage by number of LUT inputs ;         ;
;     -- 4 input functions                    ; 543     ;
;     -- 3 input functions                    ; 595     ;
;     -- <=2 input functions                  ; 731     ;
;                                             ;         ;
; Logic elements by mode                      ;         ;
;     -- normal mode                          ; 1189    ;
;     -- arithmetic mode                      ; 680     ;
;                                             ;         ;
; Total registers                             ; 92      ;
;     -- Dedicated logic registers            ; 92      ;
;     -- I/O registers                        ; 0       ;
;                                             ;         ;
; I/O pins                                    ; 66      ;
; Maximum fan-out node                        ; Add1~62 ;
; Maximum fan-out                             ; 96      ;
; Total fan-out                               ; 5637    ;
; Average fan-out                             ; 2.78    ;
+---------------------------------------------+---------+


+--------------------------------------------------------------------------------------------------------------------------------------------------------------------------------------------------------------------------------------------------------------------------+
; Analysis & Synthesis Resource Utilization by Entity                                                                                                                                                                                                                      ;
+---------------------------------------+-------------------+--------------+-------------+--------------+---------+-----------+------+--------------+-------------------------------------------------------------------------------------------------------+--------------+
; Compilation Hierarchy Node            ; LC Combinationals ; LC Registers ; Memory Bits ; DSP Elements ; DSP 9x9 ; DSP 18x18 ; Pins ; Virtual Pins ; Full Hierarchy Name                                                                                   ; Library Name ;
+---------------------------------------+-------------------+--------------+-------------+--------------+---------+-----------+------+--------------+-------------------------------------------------------------------------------------------------------+--------------+
; |Segment                              ; 1869 (198)        ; 92 (92)      ; 0           ; 0            ; 0       ; 0         ; 66   ; 0            ; |Segment                                                                                              ; work         ;
;    |lpm_divide:Mod0|                  ; 1671 (0)          ; 0 (0)        ; 0           ; 0            ; 0       ; 0         ; 0    ; 0            ; |Segment|lpm_divide:Mod0                                                                              ;              ;
;       |lpm_divide_qlo:auto_generated| ; 1671 (0)          ; 0 (0)        ; 0           ; 0            ; 0       ; 0         ; 0    ; 0            ; |Segment|lpm_divide:Mod0|lpm_divide_qlo:auto_generated                                                ;              ;
;          |abs_divider_4dg:divider|    ; 1671 (64)         ; 0 (0)        ; 0           ; 0            ; 0       ; 0         ; 0    ; 0            ; |Segment|lpm_divide:Mod0|lpm_divide_qlo:auto_generated|abs_divider_4dg:divider                        ;              ;
;             |alt_u_div_k5f:divider|   ; 1575 (1575)       ; 0 (0)        ; 0           ; 0            ; 0       ; 0         ; 0    ; 0            ; |Segment|lpm_divide:Mod0|lpm_divide_qlo:auto_generated|abs_divider_4dg:divider|alt_u_div_k5f:divider  ;              ;
;             |lpm_abs_0s9:my_abs_num|  ; 32 (32)           ; 0 (0)        ; 0           ; 0            ; 0       ; 0         ; 0    ; 0            ; |Segment|lpm_divide:Mod0|lpm_divide_qlo:auto_generated|abs_divider_4dg:divider|lpm_abs_0s9:my_abs_num ;              ;
+---------------------------------------+-------------------+--------------+-------------+--------------+---------+-----------+------+--------------+-------------------------------------------------------------------------------------------------------+--------------+
Note: For table entries with two numbers listed, the numbers in parentheses indicate the number of resources of the given type used by the specific entity alone. The numbers listed outside of parentheses indicate the total resources of the given type used by the specific entity and all of its sub-entities in the hierarchy.


+---------------------------------------------------------------------------------+
; Registers Removed During Synthesis                                              ;
+----------------------------------------+----------------------------------------+
; Register name                          ; Reason for Removal                     ;
+----------------------------------------+----------------------------------------+
; temporary[1][2]                        ; Merged with temporary[6][6]            ;
; temporary[3][7]                        ; Merged with temporary[6][7]            ;
; temporary[2][7]                        ; Merged with temporary[6][7]            ;
; temporary[4][7]                        ; Merged with temporary[6][7]            ;
; temporary[5][7]                        ; Merged with temporary[6][7]            ;
; temporary[1][7]                        ; Merged with temporary[6][7]            ;
; temporary[3][3]                        ; Merged with temporary[6][3]            ;
; temporary[3][0]                        ; Merged with temporary[6][3]            ;
; temporary[6][0]                        ; Merged with temporary[6][3]            ;
; temporary[5][6]                        ; Merged with temporary[6][2]            ;
; temporary[2][3]                        ; Merged with temporary[5][3]            ;
; temporary[5][0]                        ; Merged with temporary[5][3]            ;
; temporary[2][0]                        ; Merged with temporary[5][3]            ;
; temporary[4][6]                        ; Merged with temporary[5][2]            ;
; temporary[1][3]                        ; Merged with temporary[4][3]            ;
; temporary[1][0]                        ; Merged with temporary[4][3]            ;
; temporary[4][0]                        ; Merged with temporary[4][3]            ;
; temporary[3][6]                        ; Merged with temporary[4][2]            ;
; temporary[2][6]                        ; Merged with temporary[3][2]            ;
; temporary[1][6]                        ; Merged with temporary[2][2]            ;
; temporary[6][7]                        ; Stuck at VCC due to stuck port data_in ;
; Total Number of Removed Registers = 21 ;                                        ;
+----------------------------------------+----------------------------------------+


+------------------------------------------------------+
; General Register Statistics                          ;
+----------------------------------------------+-------+
; Statistic                                    ; Value ;
+----------------------------------------------+-------+
; Total registers                              ; 92    ;
; Number of registers using Synchronous Clear  ; 0     ;
; Number of registers using Synchronous Load   ; 0     ;
; Number of registers using Asynchronous Clear ; 0     ;
; Number of registers using Asynchronous Load  ; 0     ;
; Number of registers using Clock Enable       ; 59    ;
; Number of registers using Preset             ; 0     ;
+----------------------------------------------+-------+


+---------------------------------------------------+
; Inverted Register Statistics                      ;
+-----------------------------------------+---------+
; Inverted Register                       ; Fan out ;
+-----------------------------------------+---------+
; temporary[2][2]                         ; 2       ;
; temporary[1][5]                         ; 1       ;
; temporary[1][4]                         ; 1       ;
; temporary[4][3]                         ; 4       ;
; temporary[2][5]                         ; 1       ;
; temporary[3][5]                         ; 1       ;
; temporary[3][4]                         ; 1       ;
; temporary[4][4]                         ; 1       ;
; temporary[5][4]                         ; 1       ;
; temporary[5][1]                         ; 1       ;
; temporary[6][1]                         ; 1       ;
; Total number of inverted registers = 11 ;         ;
+-----------------------------------------+---------+


+------------------------------------------------------------------------------------------------------------------------------------------+
; Multiplexer Restructuring Statistics (Restructuring Performed)                                                                           ;
+--------------------+-----------+---------------+----------------------+------------------------+------------+----------------------------+
; Multiplexer Inputs ; Bus Width ; Baseline Area ; Area if Restructured ; Saving if Restructured ; Registered ; Example Multiplexer Output ;
+--------------------+-----------+---------------+----------------------+------------------------+------------+----------------------------+
; 7:1                ; 16 bits   ; 64 LEs        ; 64 LEs               ; 0 LEs                  ; Yes        ; |Segment|temporary[6][4]   ;
; 7:1                ; 12 bits   ; 48 LEs        ; 48 LEs               ; 0 LEs                  ; Yes        ; |Segment|temporary[5][1]   ;
+--------------------+-----------+---------------+----------------------+------------------------+------------+----------------------------+


+------------------------------------------------------------------+
; Parameter Settings for Inferred Entity Instance: lpm_divide:Mod0 ;
+------------------------+----------------+------------------------+
; Parameter Name         ; Value          ; Type                   ;
+------------------------+----------------+------------------------+
; LPM_WIDTHN             ; 32             ; Untyped                ;
; LPM_WIDTHD             ; 32             ; Untyped                ;
; LPM_NREPRESENTATION    ; SIGNED         ; Untyped                ;
; LPM_DREPRESENTATION    ; SIGNED         ; Untyped                ;
; LPM_PIPELINE           ; 0              ; Untyped                ;
; LPM_REMAINDERPOSITIVE  ; FALSE          ; Untyped                ;
; MAXIMIZE_SPEED         ; 5              ; Untyped                ;
; CBXI_PARAMETER         ; lpm_divide_qlo ; Untyped                ;
; CARRY_CHAIN            ; MANUAL         ; Untyped                ;
; OPTIMIZE_FOR_SPEED     ; 5              ; Untyped                ;
; AUTO_CARRY_CHAINS      ; ON             ; AUTO_CARRY             ;
; IGNORE_CARRY_BUFFERS   ; OFF            ; IGNORE_CARRY           ;
; AUTO_CASCADE_CHAINS    ; ON             ; AUTO_CASCADE           ;
; IGNORE_CASCADE_BUFFERS ; OFF            ; IGNORE_CASCADE         ;
+------------------------+----------------+------------------------+
Note: In order to hide this table in the UI and the text report file, please set the "Show Parameter Settings Tables in Synthesis Report" option in "Analysis and Synthesis Settings -> More Settings" to "Off".


+-------------------------------+
; Analysis & Synthesis Messages ;
+-------------------------------+
Info: *******************************************************************
Info: Running Quartus II Analysis & Synthesis
    Info: Version 9.1 Build 222 10/21/2009 SJ Web Edition
    Info: Processing started: Mon Dec 11 10:39:53 2023
Info: Command: quartus_map --read_settings_files=on --write_settings_files=off Segment -c Segment
Info: Found 2 design units, including 1 entities, in source file segment.vhd
    Info: Found design unit 1: Segment-Display
    Info: Found entity 1: Segment
Info: Elaborating entity "Segment" for the top level hierarchy
Warning (10540): VHDL Signal Declaration warning at Segment.vhd(26): used explicit default value for signal "initial" because signal was never assigned a value
Warning (10492): VHDL Process Statement warning at Segment.vhd(109): signal "temporary" is read inside the Process Statement but isn't in the Process Statement's sensitivity list
Warning (10492): VHDL Process Statement warning at Segment.vhd(110): signal "temporary" is read inside the Process Statement but isn't in the Process Statement's sensitivity list
Warning (10492): VHDL Process Statement warning at Segment.vhd(111): signal "temporary" is read inside the Process Statement but isn't in the Process Statement's sensitivity list
Warning (10492): VHDL Process Statement warning at Segment.vhd(112): signal "temporary" is read inside the Process Statement but isn't in the Process Statement's sensitivity list
Warning (10492): VHDL Process Statement warning at Segment.vhd(113): signal "temporary" is read inside the Process Statement but isn't in the Process Statement's sensitivity list
Warning (10492): VHDL Process Statement warning at Segment.vhd(114): signal "temporary" is read inside the Process Statement but isn't in the Process Statement's sensitivity list
Info: Inferred 1 megafunctions from design logic
    Info: Inferred divider/modulo megafunction ("lpm_divide") from the following logic: "Mod0"
Info: Elaborated megafunction instantiation "lpm_divide:Mod0"
Info: Instantiated megafunction "lpm_divide:Mod0" with the following parameter:
    Info: Parameter "LPM_WIDTHN" = "32"
    Info: Parameter "LPM_WIDTHD" = "32"
    Info: Parameter "LPM_NREPRESENTATION" = "SIGNED"
    Info: Parameter "LPM_DREPRESENTATION" = "SIGNED"
    Info: Parameter "LPM_HINT" = "LPM_REMAINDERPOSITIVE=FALSE"
Info: Found 1 design units, including 1 entities, in source file db/lpm_divide_qlo.tdf
    Info: Found entity 1: lpm_divide_qlo
Info: Found 1 design units, including 1 entities, in source file db/abs_divider_4dg.tdf
    Info: Found entity 1: abs_divider_4dg
Info: Found 1 design units, including 1 entities, in source file db/alt_u_div_k5f.tdf
    Info: Found entity 1: alt_u_div_k5f
Info: Found 1 design units, including 1 entities, in source file db/add_sub_lkc.tdf
    Info: Found entity 1: add_sub_lkc
Info: Found 1 design units, including 1 entities, in source file db/add_sub_mkc.tdf
    Info: Found entity 1: add_sub_mkc
Info: Found 1 design units, including 1 entities, in source file db/lpm_abs_0s9.tdf
    Info: Found entity 1: lpm_abs_0s9
Warning: Output pins are stuck at VCC or GND
    Warning (13410): Pin "hex5[7]" is stuck at VCC
    Warning (13410): Pin "hex4[7]" is stuck at VCC
    Warning (13410): Pin "hex3[7]" is stuck at VCC
    Warning (13410): Pin "hex2[7]" is stuck at VCC
    Warning (13410): Pin "hex1[7]" is stuck at VCC
    Warning (13410): Pin "hex0[7]" is stuck at VCC
    Warning (13410): Pin "hex6[7]" is stuck at VCC
    Warning (13410): Pin "hex6[6]" is stuck at VCC
    Warning (13410): Pin "hex6[5]" is stuck at VCC
    Warning (13410): Pin "hex6[4]" is stuck at VCC
    Warning (13410): Pin "hex6[3]" is stuck at VCC
    Warning (13410): Pin "hex6[2]" is stuck at VCC
    Warning (13410): Pin "hex6[1]" is stuck at VCC
    Warning (13410): Pin "hex6[0]" is stuck at VCC
    Warning (13410): Pin "hex7[7]" is stuck at VCC
    Warning (13410): Pin "hex7[6]" is stuck at VCC
    Warning (13410): Pin "hex7[5]" is stuck at VCC
    Warning (13410): Pin "hex7[4]" is stuck at VCC
    Warning (13410): Pin "hex7[3]" is stuck at VCC
    Warning (13410): Pin "hex7[2]" is stuck at VCC
    Warning (13410): Pin "hex7[1]" is stuck at VCC
    Warning (13410): Pin "hex7[0]" is stuck at VCC
Info: Implemented 1974 device resources after synthesis - the final resource count might be different
    Info: Implemented 2 input pins
    Info: Implemented 64 output pins
    Info: Implemented 1908 logic cells
Info: Quartus II Analysis & Synthesis was successful. 0 errors, 30 warnings
    Info: Peak virtual memory: 262 megabytes
    Info: Processing ended: Mon Dec 11 10:39:58 2023
    Info: Elapsed time: 00:00:05
    Info: Total CPU time (on all processors): 00:00:05


